#
# There is insufficient memory for the Java Runtime Environment to continue.
# Native memory allocation (mmap) failed to map 130023424 bytes for Failed to commit area from 0x0000000085800000 to 0x000000008d400000 of length 130023424.
# Possible reasons:
#   The system is out of physical RAM or swap space
#   The process is running with CompressedOops enabled, and the Java Heap may be blocking the growth of the native heap
# Possible solutions:
#   Reduce memory load on the system
#   Increase physical memory or swap space
#   Check if swap backing store is full
#   Decrease Java heap size (-Xmx/-Xms)
#   Decrease number of Java threads
#   Decrease Java thread stack sizes (-Xss)
#   Set larger code cache with -XX:ReservedCodeCacheSize=
# This output file may be truncated or incomplete.
#
#  Out of Memory Error (./open/src/hotspot/os/windows/os_windows.cpp:3275), pid=16444, tid=2696
#
# JRE version:  (11.0.9+7) (build )
# Java VM: Java HotSpot(TM) 64-Bit Server VM (11.0.9+7-LTS, mixed mode, sharing, tiered, compressed oops, g1 gc, windows-amd64)
# No core dump will be written. Minidumps are not enabled by default on client versions of Windows
#

---------------  S U M M A R Y ------------

Command Line: -Dfile.encoding=MS949 bank.Main

Host: Intel(R) Core(TM) i7-7700HQ CPU @ 2.80GHz, 8 cores, 7G,  Windows 10 , 64 bit Build 18362 (10.0.18362.1500)
Time: Wed Apr 21 20:59:20 2021 Korea Standard Time elapsed time: 0.010308 seconds (0d 0h 0m 0s)

---------------  T H R E A D  ---------------

Current thread (0x00000141f2537000):  JavaThread "Unknown thread" [_thread_in_vm, id=2696, stack(0x00000005fbc00000,0x00000005fbd00000)]

Stack: [0x00000005fbc00000,0x00000005fbd00000]
Native frames: (J=compiled Java code, j=interpreted, Vv=VM code, C=native code)
V  [jvm.dll+0x611a3a]
V  [jvm.dll+0x748aaf]
V  [jvm.dll+0x74a135]
V  [jvm.dll+0x74a7b3]
V  [jvm.dll+0x2439f8]
V  [jvm.dll+0x60eeda]
V  [jvm.dll+0x603de5]
V  [jvm.dll+0x2f785c]
V  [jvm.dll+0x2f76e2]
V  [jvm.dll+0x2fc396]
V  [jvm.dll+0x33e1df]
V  [jvm.dll+0x33dc10]
V  [jvm.dll+0x2d5aa8]
V  [jvm.dll+0x2d6c06]
V  [jvm.dll+0x724927]
V  [jvm.dll+0x7261cf]
V  [jvm.dll+0x34af59]
V  [jvm.dll+0x70a4a0]
V  [jvm.dll+0x3b415f]
V  [jvm.dll+0x3b6201]
C  [jli.dll+0x520b]
C  [ucrtbase.dll+0x210b2]
C  [KERNEL32.DLL+0x17c24]
C  [ntdll.dll+0x6d721]


---------------  P R O C E S S  ---------------

Threads class SMR info:
_java_thread_list=0x00000141f0434430, length=0, elements={
}

Java Threads: ( => current thread )

Other Threads:
  0x00000141f254b000 GCTaskThread "GC Thread#0" [stack: 0x00000005fbd00000,0x00000005fbe00000] [id=10664]
  0x00000141f257c800 ConcurrentGCThread "G1 Main Marker" [stack: 0x00000005fbe00000,0x00000005fbf00000] [id=19772]
  0x00000141f257e800 ConcurrentGCThread "G1 Conc#0" [stack: 0x00000005fbf00000,0x00000005fc000000] [id=296]

[error occurred during error reporting (printing all threads), id 0xc0000005, EXCEPTION_ACCESS_VIOLATION (0xc0000005) at pc=0x00007ffa792a42a7]

VM state:not at safepoint (not fully initialized)

VM Mutex/Monitor currently owned by a thread:  ([mutex/lock_event])
[0x00000141f2532bc0] Heap_lock - owner thread: 0x00000141f2537000

Heap address: 0x0000000085800000, size: 1960 MB, Compressed Oops mode: Non-zero based: 0x0000000085800000
Narrow klass base: 0x0000000000000000, Narrow klass shift: 0

GC Heap History (0 events):
No events

Deoptimization events (0 events):
No events

Classes redefined (0 events):
No events

Internal exceptions (0 events):
No events

Events (0 events):
No events


Dynamic libraries:
0x00007ff6ad580000 - 0x00007ff6ad58f000 	C:\Program Files\Java\jdk-11.0.9\bin\javaw.exe
0x00007ffab14c0000 - 0x00007ffab16b0000 	C:\WINDOWS\SYSTEM32\ntdll.dll
0x00007ffab0380000 - 0x00007ffab0432000 	C:\WINDOWS\System32\KERNEL32.DLL
0x00007ffaaee00000 - 0x00007ffaaf0a5000 	C:\WINDOWS\System32\KERNELBASE.dll
0x00007ffaaf210000 - 0x00007ffaaf30a000 	C:\WINDOWS\System32\ucrtbase.dll
0x00007ffaa88e0000 - 0x00007ffaa88f8000 	C:\Program Files\Java\jdk-11.0.9\bin\jli.dll
0x00007ffaa40a0000 - 0x00007ffaa40b5000 	C:\Program Files\Java\jdk-11.0.9\bin\VCRUNTIME140.dll
0x00007ffaafce0000 - 0x00007ffaafd83000 	C:\WINDOWS\System32\ADVAPI32.dll
0x00007ffab13d0000 - 0x00007ffab146e000 	C:\WINDOWS\System32\msvcrt.dll
0x00007ffab00a0000 - 0x00007ffab0137000 	C:\WINDOWS\System32\sechost.dll
0x00007ffab01b0000 - 0x00007ffab02cf000 	C:\WINDOWS\System32\RPCRT4.dll
0x00007ffab0ae0000 - 0x00007ffab0c74000 	C:\WINDOWS\System32\USER32.dll
0x00007ffaaedd0000 - 0x00007ffaaedf1000 	C:\WINDOWS\System32\win32u.dll
0x00007ffa9e7c0000 - 0x00007ffa9ea44000 	C:\WINDOWS\WinSxS\amd64_microsoft.windows.common-controls_6595b64144ccf1df_6.0.18362.1500_none_9e79be6de462295c\COMCTL32.dll
0x00007ffab1190000 - 0x00007ffab11b6000 	C:\WINDOWS\System32\GDI32.dll
0x00007ffab0df0000 - 0x00007ffab1126000 	C:\WINDOWS\System32\combase.dll
0x00007ffaaf3d0000 - 0x00007ffaaf568000 	C:\WINDOWS\System32\gdi32full.dll
0x00007ffaaf310000 - 0x00007ffaaf391000 	C:\WINDOWS\System32\bcryptPrimitives.dll
0x00007ffaae4e0000 - 0x00007ffaae57e000 	C:\WINDOWS\System32\msvcp_win.dll
0x00007ffaa4f20000 - 0x00007ffaa4f2a000 	C:\WINDOWS\SYSTEM32\VERSION.dll
0x00007ffab0c80000 - 0x00007ffab0cae000 	C:\WINDOWS\System32\IMM32.DLL
0x00007ffa93a90000 - 0x00007ffa93b2b000 	C:\Program Files\Java\jdk-11.0.9\bin\msvcp140.dll
0x00007ffa78fc0000 - 0x00007ffa79ab7000 	C:\Program Files\Java\jdk-11.0.9\bin\server\jvm.dll
0x00007ffab1470000 - 0x00007ffab1478000 	C:\WINDOWS\System32\PSAPI.DLL
0x00007ffa9b560000 - 0x00007ffa9b569000 	C:\WINDOWS\SYSTEM32\WSOCK32.dll
0x00007ffaa9450000 - 0x00007ffaa9474000 	C:\WINDOWS\SYSTEM32\WINMM.dll
0x00007ffab11c0000 - 0x00007ffab122f000 	C:\WINDOWS\System32\WS2_32.dll
0x00007ffaa9420000 - 0x00007ffaa944d000 	C:\WINDOWS\SYSTEM32\WINMMBASE.dll
0x00007ffaae580000 - 0x00007ffaae5ca000 	C:\WINDOWS\System32\cfgmgr32.dll
0x00007ffaae380000 - 0x00007ffaae391000 	C:\WINDOWS\System32\kernel.appcore.dll
0x00007ffaac070000 - 0x00007ffaac080000 	C:\Program Files\Java\jdk-11.0.9\bin\verify.dll
0x00007ffaacc60000 - 0x00007ffaace54000 	C:\WINDOWS\SYSTEM32\DBGHELP.DLL
0x00007ffa991c0000 - 0x00007ffa991ea000 	C:\WINDOWS\SYSTEM32\dbgcore.DLL
0x00007ffaabf70000 - 0x00007ffaabf98000 	C:\Program Files\Java\jdk-11.0.9\bin\java.dll
0x00007ffaac020000 - 0x00007ffaac02a000 	C:\Program Files\Java\jdk-11.0.9\bin\jimage.dll
0x00007ffaabf50000 - 0x00007ffaabf66000 	C:\Program Files\Java\jdk-11.0.9\bin\zip.dll

dbghelp: loaded successfully - version: 4.0.5 - missing functions: none
symbol engine: initialized successfully - sym options: 0x614 - pdb path: .;C:\Program Files\Java\jdk-11.0.9\bin;C:\WINDOWS\SYSTEM32;C:\WINDOWS\WinSxS\amd64_microsoft.windows.common-controls_6595b64144ccf1df_6.0.18362.1500_none_9e79be6de462295c;C:\Program Files\Java\jdk-11.0.9\bin\server

VM Arguments:
jvm_args: -Dfile.encoding=MS949 
java_command: bank.Main
java_class_path (initial): C:\Users\Sung Min\Desktop\NSCC\2021 Winter\PROG 1400\Workspace\OOPproject3\bin
Launcher Type: SUN_STANDARD

[Global flags]
     intx CICompilerCount                          = 4                                         {product} {ergonomic}
     uint ConcGCThreads                            = 2                                         {product} {ergonomic}
     uint G1ConcRefinementThreads                  = 8                                         {product} {ergonomic}
   size_t G1HeapRegionSize                         = 1048576                                   {product} {ergonomic}
    uintx GCDrainStackTargetSize                   = 64                                        {product} {ergonomic}
   size_t InitialHeapSize                          = 130023424                                 {product} {ergonomic}
   size_t MarkStackSize                            = 4194304                                   {product} {ergonomic}
   size_t MaxHeapSize                              = 2055208960                                {product} {ergonomic}
   size_t MinHeapDeltaBytes                        = 1048576                                   {product} {ergonomic}
    uintx NonNMethodCodeHeapSize                   = 5836300                                {pd product} {ergonomic}
    uintx NonProfiledCodeHeapSize                  = 122910970                              {pd product} {ergonomic}
    uintx ProfiledCodeHeapSize                     = 122910970                              {pd product} {ergonomic}
    uintx ReservedCodeCacheSize                    = 251658240                              {pd product} {ergonomic}
     bool SegmentedCodeCache                       = true                                      {product} {ergonomic}
     bool UseCompressedClassPointers               = true                                 {lp64_product} {ergonomic}
     bool UseCompressedOops                        = true                                 {lp64_product} {ergonomic}
     bool UseG1GC                                  = true                                      {product} {ergonomic}
     bool UseLargePagesIndividualAllocation        = false                                  {pd product} {ergonomic}

Logging:
Log output configuration:
 #0: stdout all=warning uptime,level,tags
 #1: stderr all=off uptime,level,tags

Environment Variables:
PATH=C:/Program Files/Java/jdk-11.0.9/bin/server;C:/Program Files/Java/jdk-11.0.9/bin;C:\Program Files\Common Files\Oracle\Java\javapath;C:\oraclexe\app\oracle\product\10.2.0\server\bin;C:\Program Files (x86)\Common Files\Oracle\Java\javapath;C:\Windows\system32;C:\Windows;C:\Windows\System32\Wbem;C:\Windows\System32\WindowsPowerShell\v1.0\;C:\Program Files (x86)\NVIDIA Corporation\PhysX\Common;C:\WINDOWS\system32;C:\WINDOWS;C:\WINDOWS\System32\Wbem;C:\WINDOWS\System32\WindowsPowerShell\v1.0\;C:\WINDOWS\System32\OpenSSH\;C:\Program Files (x86)\Intel\Intel(R) Management Engine Components\DAL;C:\Program Files\Intel\Intel(R) Management Engine Components\DAL;C:\Program Files\nodejs\;C:\Program Files\Git\cmd;C:\Program Files\Microsoft\Web Platform Installer\;C:\Program Files\PuTTY\;C:\Users\Sung Min\AppData\Local\Programs\Python\Python38-32\Scripts\;C:\Users\Sung Min\AppData\Local\Programs\Python\Python38-32\;C:\Users\Sung Min\AppData\Local\Microsoft\WindowsApps;;C:\Users\Sung Min\AppData\Local\Programs\Microsoft VS Code\bin;C:\Users\Sung Min\AppData\Roaming\npm;C:\Users\Sung Min\Desktop;
USERNAME=Sung Min
OS=Windows_NT
PROCESSOR_IDENTIFIER=Intel64 Family 6 Model 158 Stepping 9, GenuineIntel



---------------  S Y S T E M  ---------------

OS: Windows 10 , 64 bit Build 18362 (10.0.18362.1500)

CPU:total 8 (initial active 8) (4 cores per cpu, 2 threads per core) family 6 model 158 stepping 9, cmov, cx8, fxsr, mmx, sse, sse2, sse3, ssse3, sse4.1, sse4.2, popcnt, avx, avx2, aes, clmul, erms, 3dnowpref, lzcnt, ht, tsc, tscinvbit, bmi1, bmi2, adx, fma

Memory: 4k page, system-wide physical 7832M (1547M free)
TotalPageFile size 14238M (AvailPageFile size 96M)
current process WorkingSet (physical memory assigned to process): 9M, peak: 9M
current process commit charge ("private bytes"): 60M, peak: 184M

vm_info: Java HotSpot(TM) 64-Bit Server VM (11.0.9+7-LTS) for windows-amd64 JRE (11.0.9+7-LTS), built on Sep 15 2020 16:47:03 by "mach5one" with MS VC++ 15.9 (VS2017)

END.
